"Start of log file."
"C:/Users/sakur/DOCUME~1/GitHub/3DGAME~1/3DGAME~1/Assets/Art/SAMASS~1/TEST_T~3.MAX"
"Starting max loading and fbx conversion"
window = undefined
"Settings units"
"Before fbx export"
"After fbx export"
"Finished max loading and fbx conversion"
"C:/Users/sakur/DOCUME~1/GitHub/3DGAME~1/3DGAME~1/Assets/Art/SAMASS~1/TEST_T~2.MAX"
"Starting max loading and fbx conversion"
window = undefined
"Settings units"
"Before fbx export"
"After fbx export"
"Finished max loading and fbx conversion"
"C:/Users/sakur/DOCUME~1/GitHub/3DGAME~1/3DGAME~1/Assets/Art/SAMASS~1/TEST_T~1.MAX"
"Starting max loading and fbx conversion"
window = undefined
"Settings units"
"Before fbx export"
"After fbx export"
"Finished max loading and fbx conversion"
"C:/Users/sakur/DOCUME~1/GitHub/3DGAME~1/3DGAME~1/Assets/Art/SAMASS~1/Table.max"
"Starting max loading and fbx conversion"
window = undefined
"Settings units"
"Before fbx export"
"After fbx export"
"Finished max loading and fbx conversion"
